2021-11-24 08:47:37.335  INFO 1256 --- [main] c.zyd.demo.DockerJerkinsDemoApplication  : Starting DockerJerkinsDemoApplication using Java 1.8.0_271 on DESKTOP-VLH1HLC with PID 1256 (D:\gitRepo\docker-jerkins-demo\target\classes started by Administrator in D:\gitRepo\docker-jerkins-demo)
2021-11-24 08:47:37.337  INFO 1256 --- [main] c.zyd.demo.DockerJerkinsDemoApplication  : No active profile set, falling back to default profiles: default
2021-11-24 08:47:37.883  INFO 1256 --- [main] o.s.b.w.embedded.tomcat.TomcatWebServer  : Tomcat initialized with port(s): 8080 (http)
2021-11-24 08:47:37.889  INFO 1256 --- [main] o.apache.catalina.core.StandardService   : Starting service [Tomcat]
2021-11-24 08:47:37.889  INFO 1256 --- [main] org.apache.catalina.core.StandardEngine  : Starting Servlet engine: [Apache Tomcat/9.0.55]
2021-11-24 08:47:37.891  WARN 1256 --- [main] o.a.catalina.core.AprLifecycleListener   : This listener must only be nested within Server elements, but is in [TomcatEmbeddedContext].
2021-11-24 08:47:37.891  INFO 1256 --- [main] o.a.catalina.core.AprLifecycleListener   : An older version [1.2.25] of the Apache Tomcat Native library is installed, while Tomcat recommends a minimum version of [1.2.30]
2021-11-24 08:47:37.891  INFO 1256 --- [main] o.a.catalina.core.AprLifecycleListener   : Loaded Apache Tomcat Native library [1.2.25] using APR version [1.7.0].
2021-11-24 08:47:37.891  INFO 1256 --- [main] o.a.catalina.core.AprLifecycleListener   : APR capabilities: IPv6 [true], sendfile [true], accept filters [false], random [true], UDS [false].
2021-11-24 08:47:37.891  INFO 1256 --- [main] o.a.catalina.core.AprLifecycleListener   : APR/OpenSSL configuration: useAprConnector [false], useOpenSSL [true]
2021-11-24 08:47:37.922  INFO 1256 --- [main] o.a.catalina.core.AprLifecycleListener   : OpenSSL successfully initialized [OpenSSL 1.1.1g  21 Apr 2020]
2021-11-24 08:47:37.991  INFO 1256 --- [main] o.a.c.c.C.[Tomcat].[localhost].[/]       : Initializing Spring embedded WebApplicationContext
2021-11-24 08:47:37.992  INFO 1256 --- [main] w.s.c.ServletWebServerApplicationContext : Root WebApplicationContext: initialization completed in 625 ms
2021-11-24 08:47:38.203  INFO 1256 --- [main] o.s.b.w.embedded.tomcat.TomcatWebServer  : Tomcat started on port(s): 8080 (http) with context path ''
2021-11-24 08:47:38.210  INFO 1256 --- [main] c.zyd.demo.DockerJerkinsDemoApplication  : Started DockerJerkinsDemoApplication in 1.19 seconds (JVM running for 1.973)
2021-11-24 08:51:55.282  INFO 1256 --- [http-nio-8080-exec-1] o.a.c.c.C.[Tomcat].[localhost].[/]       : Initializing Spring DispatcherServlet 'dispatcherServlet'
2021-11-24 08:51:55.282  INFO 1256 --- [http-nio-8080-exec-1] o.s.web.servlet.DispatcherServlet        : Initializing Servlet 'dispatcherServlet'
2021-11-24 08:51:55.283  INFO 1256 --- [http-nio-8080-exec-1] o.s.web.servlet.DispatcherServlet        : Completed initialization in 1 ms
2021-11-24 08:52:12.373  INFO 13356 --- [main] c.zyd.demo.DockerJerkinsDemoApplication  : Starting DockerJerkinsDemoApplication using Java 1.8.0_271 on DESKTOP-VLH1HLC with PID 13356 (D:\gitRepo\docker-jerkins-demo\target\classes started by Administrator in D:\gitRepo\docker-jerkins-demo)
2021-11-24 08:52:12.375  INFO 13356 --- [main] c.zyd.demo.DockerJerkinsDemoApplication  : No active profile set, falling back to default profiles: default
2021-11-24 08:52:12.919  INFO 13356 --- [main] o.s.b.w.embedded.tomcat.TomcatWebServer  : Tomcat initialized with port(s): 8080 (http)
2021-11-24 08:52:12.925  INFO 13356 --- [main] o.apache.catalina.core.StandardService   : Starting service [Tomcat]
2021-11-24 08:52:12.925  INFO 13356 --- [main] org.apache.catalina.core.StandardEngine  : Starting Servlet engine: [Apache Tomcat/9.0.55]
2021-11-24 08:52:12.926  WARN 13356 --- [main] o.a.catalina.core.AprLifecycleListener   : This listener must only be nested within Server elements, but is in [TomcatEmbeddedContext].
2021-11-24 08:52:12.926  INFO 13356 --- [main] o.a.catalina.core.AprLifecycleListener   : An older version [1.2.25] of the Apache Tomcat Native library is installed, while Tomcat recommends a minimum version of [1.2.30]
2021-11-24 08:52:12.926  INFO 13356 --- [main] o.a.catalina.core.AprLifecycleListener   : Loaded Apache Tomcat Native library [1.2.25] using APR version [1.7.0].
2021-11-24 08:52:12.926  INFO 13356 --- [main] o.a.catalina.core.AprLifecycleListener   : APR capabilities: IPv6 [true], sendfile [true], accept filters [false], random [true], UDS [false].
2021-11-24 08:52:12.926  INFO 13356 --- [main] o.a.catalina.core.AprLifecycleListener   : APR/OpenSSL configuration: useAprConnector [false], useOpenSSL [true]
2021-11-24 08:52:12.929  INFO 13356 --- [main] o.a.catalina.core.AprLifecycleListener   : OpenSSL successfully initialized [OpenSSL 1.1.1g  21 Apr 2020]
2021-11-24 08:52:12.985  INFO 13356 --- [main] o.a.c.c.C.[Tomcat].[localhost].[/]       : Initializing Spring embedded WebApplicationContext
2021-11-24 08:52:12.985  INFO 13356 --- [main] w.s.c.ServletWebServerApplicationContext : Root WebApplicationContext: initialization completed in 581 ms
2021-11-24 08:52:13.200  INFO 13356 --- [main] o.s.b.w.embedded.tomcat.TomcatWebServer  : Tomcat started on port(s): 8080 (http) with context path ''
2021-11-24 08:52:13.207  INFO 13356 --- [main] c.zyd.demo.DockerJerkinsDemoApplication  : Started DockerJerkinsDemoApplication in 1.127 seconds (JVM running for 1.79)
2021-11-24 08:52:15.490  INFO 13356 --- [http-nio-8080-exec-1] o.a.c.c.C.[Tomcat].[localhost].[/]       : Initializing Spring DispatcherServlet 'dispatcherServlet'
2021-11-24 08:52:15.490  INFO 13356 --- [http-nio-8080-exec-1] o.s.web.servlet.DispatcherServlet        : Initializing Servlet 'dispatcherServlet'
2021-11-24 08:52:15.491  INFO 13356 --- [http-nio-8080-exec-1] o.s.web.servlet.DispatcherServlet        : Completed initialization in 1 ms
2021-11-24 08:52:15.503  INFO 13356 --- [http-nio-8080-exec-1] com.zyd.demo.IndexController             : visit index/vi api
